0 info it worked if it ends with ok
1 verbose cli [ 'C:\\Program Files\\nodejs\\node.exe',
1 verbose cli   'C:\\Program Files\\nodejs\\node_modules\\npm\\bin\\npm-cli.js',
1 verbose cli   'start' ]
2 info using npm@3.10.8
3 info using node@v6.9.1
4 verbose run-script [ 'prestart', 'start', 'poststart' ]
5 info lifecycle light-bootstrap-dashboard-angular2@1.2.0~prestart: light-bootstrap-dashboard-angular2@1.2.0
6 silly lifecycle light-bootstrap-dashboard-angular2@1.2.0~prestart: no script for prestart, continuing
7 info lifecycle light-bootstrap-dashboard-angular2@1.2.0~start: light-bootstrap-dashboard-angular2@1.2.0
8 verbose lifecycle light-bootstrap-dashboard-angular2@1.2.0~start: unsafe-perm in lifecycle true
9 verbose lifecycle light-bootstrap-dashboard-angular2@1.2.0~start: PATH: C:\Program Files\nodejs\node_modules\npm\bin\node-gyp-bin;E:\Semister 7\FYP\FYP\Angular2\node_modules\.bin;C:\Users\asankai\bin\Sencha\Cmd\3.1.2.342;C:\ProgramData\Oracle\Java\javapath;C:\Program Files (x86)\Intel\iCLS Client\;C:\Program Files\Intel\iCLS Client\;C:\WINDOWS\system32;C:\WINDOWS;C:\WINDOWS\System32\Wbem;C:\WINDOWS\System32\WindowsPowerShell\v1.0\;C:\Program Files (x86)\Intel\Intel(R) Management Engine Components\DAL;C:\Program Files\Intel\Intel(R) Management Engine Components\DAL;C:\Program Files (x86)\Intel\Intel(R) Management Engine Components\IPT;C:\Program Files\Intel\Intel(R) Management Engine Components\IPT;c:\Program Files (x86)\ATI Technologies\ATI.ACE\Core-Static;C:\Program Files (x86)\MySQL\MySQL Server 5.0\bin;C:\Program Files (x86)\Git\cmd;C:\xampp\php;C:\ProgramData\ComposerSetup\bin;C:\Program Files (x86)\Skype\Phone\;C:\Android SDK\tools;C:\WINDOWS\system32\config\systemprofile\.dnx\bin;C:\Program Files\Microsoft DNX\Dnvm\;C:\Program Files\Microsoft SQL Server\120\Tools\Binn\;C:\Program Files\Microsoft SQL Server\130\Tools\Binn\;C:\Program Files\nodejs\;E:\Programs\R installation\R-3.3.3\library\rJava\jri\x64;E:\Programs\R installation\R-3.3.3\bin\x64;C:\Program Files (x86)\CodeBlocks\MinGW\bin;C:\Program Files\TortoiseGit\bin;C:\TDM-GCC-64\bin;C:\Program Files\Intel\WiFi\bin\;C:\Program Files\Common Files\Intel\WirelessCommon\;C:\Users\asankai\Anaconda;C:\Users\asankai\Anaconda\Scripts;C:\Users\asankai\Anaconda\Library\bin;C:\Users\asankai\Anaconda3;C:\Users\asankai\Anaconda3\Scripts;C:\Users\asankai\Anaconda3\Library\bin;C:\Users\asankai\bin\Sencha\Cmd\6.1.3.42/..;C:\Ruby23-x64\bin;C:\Users\asankai\AppData\Roaming\Composer\vendor\bin;C:\Users\asankai\AppData\Roaming\npm;C:\Program Files (x86)\Microsoft VS Code\bin;C:\Users\asankai\AppData\Local\Microsoft\WindowsApps;C:\Program Files\Intel\WiFi\bin\;C:\Program Files\Common Files\Intel\WirelessCommon\
10 verbose lifecycle light-bootstrap-dashboard-angular2@1.2.0~start: CWD: E:\Semister 7\FYP\FYP\Angular2
11 silly lifecycle light-bootstrap-dashboard-angular2@1.2.0~start: Args: [ '/d /s /c', 'tsc && concurrently "tsc -w" "lite-server" ' ]
12 verbose stack Error: kill ENOSYS
12 verbose stack     at exports._errnoException (util.js:1026:11)
12 verbose stack     at process.kill (internal/process.js:172:13)
12 verbose stack     at process.listener (C:\Program Files\nodejs\node_modules\npm\node_modules\npmlog\node_modules\gauge\node_modules\signal-exit\index.js:86:15)
12 verbose stack     at emitNone (events.js:91:20)
12 verbose stack     at process.emit (events.js:185:7)
12 verbose stack     at processEmit (C:\Program Files\nodejs\node_modules\npm\node_modules\npmlog\node_modules\gauge\node_modules\signal-exit\index.js:146:32)
12 verbose stack     at processEmit (C:\Program Files\nodejs\node_modules\npm\node_modules\npm-registry-client\node_modules\npmlog\node_modules\gauge\node_modules\signal-exit\index.js:146:32)
12 verbose stack     at Signal.wrap.onsignal (internal/process.js:199:44)
13 verbose cwd E:\Semister 7\FYP\FYP\Angular2
14 error Windows_NT 10.0.14393
15 error argv "C:\\Program Files\\nodejs\\node.exe" "C:\\Program Files\\nodejs\\node_modules\\npm\\bin\\npm-cli.js" "start"
16 error node v6.9.1
17 error npm  v3.10.8
18 error code ENOSYS
19 error errno ENOSYS
20 error syscall kill
21 error kill ENOSYS
22 error If you need help, you may report this error at:
22 error     <https://github.com/npm/npm/issues>
23 verbose exit [ 1, true ]
